<?xml version="1.0" encoding="UTF-8"?>
<!-- Generated by org.testng.reporters.JUnitReportReporter -->
<testsuite skipped="0" hostname="LAPTOP-1LVQTAOU"
	name="com.inetbanking.testCases.TC_01_Login" tests="1" failures="0"
	timestamp="2020-10-06T11:05:25 IST" time="15.001" errors="0">
	<testcase name="login" time="15.001"
		classname="com.inetbanking.testCases.TC_01_Login" />
	<system-out />
</testsuite> <!-- com.inetbanking.testCases.TC_01_Login -->
